Mensaje I / 00:00:00:000 / Root(00) para top(01)
Mensaje I / 00:00:00:000 / top(01) para and(02)
Mensaje D / 00:00:00:000 / and(02) / ... para top(01)
Mensaje D / 00:00:00:000 / top(01) / ... para Root(00)
Mensaje X / 00:00:00:005 / Root(00) / in_a /      1.00000 para top(01)
Mensaje X / 00:00:00:005 / top(01) / in_a /      1.00000 para and(02)
Mensaje D / 00:00:00:005 / and(02) / ... para top(01)
Mensaje D / 00:00:00:005 / top(01) / ... para Root(00)
Mensaje X / 00:00:00:005 / Root(00) / in_b /      1.00000 para top(01)
Mensaje X / 00:00:00:005 / top(01) / in_b /      1.00000 para and(02)
Mensaje D / 00:00:00:005 / and(02) / ... para top(01)
Mensaje D / 00:00:00:005 / top(01) / ... para Root(00)
Mensaje X / 00:00:00:006 / Root(00) / in_enable /      0.00000 para top(01)
Mensaje X / 00:00:00:006 / top(01) / in_enable /      0.00000 para and(02)
Mensaje D / 00:00:00:006 / and(02) / ... para top(01)
Mensaje D / 00:00:00:006 / top(01) / ... para Root(00)
Mensaje X / 00:00:00:010 / Root(00) / in_a /      0.00000 para top(01)
Mensaje X / 00:00:00:010 / top(01) / in_a /      0.00000 para and(02)
Mensaje D / 00:00:00:010 / and(02) / ... para top(01)
Mensaje D / 00:00:00:010 / top(01) / ... para Root(00)
Mensaje X / 00:00:00:010 / Root(00) / in_b /      0.00000 para top(01)
Mensaje X / 00:00:00:010 / top(01) / in_b /      0.00000 para and(02)
Mensaje D / 00:00:00:010 / and(02) / ... para top(01)
Mensaje D / 00:00:00:010 / top(01) / ... para Root(00)
Mensaje X / 00:00:00:010 / Root(00) / in_enable /      0.00000 para top(01)
Mensaje X / 00:00:00:010 / top(01) / in_enable /      0.00000 para and(02)
Mensaje D / 00:00:00:010 / and(02) / ... para top(01)
Mensaje D / 00:00:00:010 / top(01) / ... para Root(00)
Mensaje X / 00:00:00:013 / Root(00) / in_a /      1.00000 para top(01)
Mensaje X / 00:00:00:013 / top(01) / in_a /      1.00000 para and(02)
Mensaje D / 00:00:00:013 / and(02) / ... para top(01)
Mensaje D / 00:00:00:013 / top(01) / ... para Root(00)
Mensaje X / 00:00:00:015 / Root(00) / in_b /      0.00000 para top(01)
Mensaje X / 00:00:00:015 / top(01) / in_b /      0.00000 para and(02)
Mensaje D / 00:00:00:015 / and(02) / ... para top(01)
Mensaje D / 00:00:00:015 / top(01) / ... para Root(00)
Mensaje X / 00:00:00:016 / Root(00) / in_enable /      0.00000 para top(01)
Mensaje X / 00:00:00:016 / top(01) / in_enable /      0.00000 para and(02)
Mensaje D / 00:00:00:016 / and(02) / ... para top(01)
Mensaje D / 00:00:00:016 / top(01) / ... para Root(00)
Mensaje X / 00:00:00:020 / Root(00) / in_a /      0.00000 para top(01)
Mensaje X / 00:00:00:020 / top(01) / in_a /      0.00000 para and(02)
Mensaje D / 00:00:00:020 / and(02) / ... para top(01)
Mensaje D / 00:00:00:020 / top(01) / ... para Root(00)
Mensaje X / 00:00:00:020 / Root(00) / in_b /      1.00000 para top(01)
Mensaje X / 00:00:00:020 / top(01) / in_b /      1.00000 para and(02)
Mensaje D / 00:00:00:020 / and(02) / ... para top(01)
Mensaje D / 00:00:00:020 / top(01) / ... para Root(00)
Mensaje X / 00:00:00:020 / Root(00) / in_enable /      0.00000 para top(01)
Mensaje X / 00:00:00:020 / top(01) / in_enable /      0.00000 para and(02)
Mensaje D / 00:00:00:020 / and(02) / ... para top(01)
Mensaje D / 00:00:00:020 / top(01) / ... para Root(00)
Mensaje X / 00:00:00:025 / Root(00) / in_a /      1.00000 para top(01)
Mensaje X / 00:00:00:025 / top(01) / in_a /      1.00000 para and(02)
Mensaje D / 00:00:00:025 / and(02) / ... para top(01)
Mensaje D / 00:00:00:025 / top(01) / ... para Root(00)
Mensaje X / 00:00:00:025 / Root(00) / in_b /      1.00000 para top(01)
Mensaje X / 00:00:00:025 / top(01) / in_b /      1.00000 para and(02)
Mensaje D / 00:00:00:025 / and(02) / ... para top(01)
Mensaje D / 00:00:00:025 / top(01) / ... para Root(00)
Mensaje X / 00:00:00:026 / Root(00) / in_enable /      1.00000 para top(01)
Mensaje X / 00:00:00:026 / top(01) / in_enable /      1.00000 para and(02)
Mensaje D / 00:00:00:026 / and(02) / 00:00:00:002 para top(01)
Mensaje D / 00:00:00:026 / top(01) / 00:00:00:002 para Root(00)
Mensaje * / 00:00:00:028 / Root(00) para top(01)
Mensaje * / 00:00:00:028 / top(01) para and(02)
Mensaje Y / 00:00:00:028 / and(02) / out /      1.00000 para top(01)
Mensaje D / 00:00:00:028 / and(02) / ... para top(01)
Mensaje Y / 00:00:00:028 / top(01) / out /      1.00000 para Root(00)
Mensaje D / 00:00:00:028 / top(01) / ... para Root(00)
Mensaje X / 00:00:00:030 / Root(00) / in_a /      0.00000 para top(01)
Mensaje X / 00:00:00:030 / top(01) / in_a /      0.00000 para and(02)
Mensaje D / 00:00:00:030 / and(02) / ... para top(01)
Mensaje D / 00:00:00:030 / top(01) / ... para Root(00)
Mensaje X / 00:00:00:030 / Root(00) / in_b /      0.00000 para top(01)
Mensaje X / 00:00:00:030 / top(01) / in_b /      0.00000 para and(02)
Mensaje D / 00:00:00:030 / and(02) / ... para top(01)
Mensaje D / 00:00:00:030 / top(01) / ... para Root(00)
Mensaje X / 00:00:00:030 / Root(00) / in_enable /      1.00000 para top(01)
Mensaje X / 00:00:00:030 / top(01) / in_enable /      1.00000 para and(02)
Mensaje D / 00:00:00:030 / and(02) / 00:00:00:002 para top(01)
Mensaje D / 00:00:00:030 / top(01) / 00:00:00:002 para Root(00)
Mensaje * / 00:00:00:032 / Root(00) para top(01)
Mensaje * / 00:00:00:032 / top(01) para and(02)
Mensaje Y / 00:00:00:032 / and(02) / out /      0.00000 para top(01)
Mensaje D / 00:00:00:032 / and(02) / ... para top(01)
Mensaje Y / 00:00:00:032 / top(01) / out /      0.00000 para Root(00)
Mensaje D / 00:00:00:032 / top(01) / ... para Root(00)
Mensaje X / 00:00:00:033 / Root(00) / in_a /      1.00000 para top(01)
Mensaje X / 00:00:00:033 / top(01) / in_a /      1.00000 para and(02)
Mensaje D / 00:00:00:033 / and(02) / ... para top(01)
Mensaje D / 00:00:00:033 / top(01) / ... para Root(00)
Mensaje X / 00:00:00:035 / Root(00) / in_b /      0.00000 para top(01)
Mensaje X / 00:00:00:035 / top(01) / in_b /      0.00000 para and(02)
Mensaje D / 00:00:00:035 / and(02) / ... para top(01)
Mensaje D / 00:00:00:035 / top(01) / ... para Root(00)
Mensaje X / 00:00:00:040 / Root(00) / in_enable /      1.00000 para top(01)
Mensaje X / 00:00:00:040 / top(01) / in_enable /      1.00000 para and(02)
Mensaje D / 00:00:00:040 / and(02) / 00:00:00:002 para top(01)
Mensaje D / 00:00:00:040 / top(01) / 00:00:00:002 para Root(00)
Mensaje * / 00:00:00:042 / Root(00) para top(01)
Mensaje * / 00:00:00:042 / top(01) para and(02)
Mensaje Y / 00:00:00:042 / and(02) / out /      0.00000 para top(01)
Mensaje D / 00:00:00:042 / and(02) / ... para top(01)
Mensaje Y / 00:00:00:042 / top(01) / out /      0.00000 para Root(00)
Mensaje D / 00:00:00:042 / top(01) / ... para Root(00)
Mensaje X / 00:00:00:045 / Root(00) / in_a /      0.00000 para top(01)
Mensaje X / 00:00:00:045 / top(01) / in_a /      0.00000 para and(02)
Mensaje D / 00:00:00:045 / and(02) / ... para top(01)
Mensaje D / 00:00:00:045 / top(01) / ... para Root(00)
Mensaje X / 00:00:00:045 / Root(00) / in_b /      1.00000 para top(01)
Mensaje X / 00:00:00:045 / top(01) / in_b /      1.00000 para and(02)
Mensaje D / 00:00:00:045 / and(02) / ... para top(01)
Mensaje D / 00:00:00:045 / top(01) / ... para Root(00)
Mensaje X / 00:00:00:045 / Root(00) / in_enable /      1.00000 para top(01)
Mensaje X / 00:00:00:045 / top(01) / in_enable /      1.00000 para and(02)
Mensaje D / 00:00:00:045 / and(02) / 00:00:00:002 para top(01)
Mensaje D / 00:00:00:045 / top(01) / 00:00:00:002 para Root(00)
Mensaje X / 00:00:00:046 / Root(00) / in_a /      1.00000 para top(01)
Mensaje X / 00:00:00:046 / top(01) / in_a /      1.00000 para and(02)
Mensaje D / 00:00:00:046 / and(02) / 00:00:00:001 para top(01)
Mensaje D / 00:00:00:046 / top(01) / 00:00:00:001 para Root(00)
Mensaje X / 00:00:00:046 / Root(00) / in_b /      1.00000 para top(01)
Mensaje X / 00:00:00:046 / top(01) / in_b /      1.00000 para and(02)
Mensaje D / 00:00:00:046 / and(02) / 00:00:00:001 para top(01)
Mensaje D / 00:00:00:046 / top(01) / 00:00:00:001 para Root(00)
Mensaje X / 00:00:00:046 / Root(00) / in_enable /      1.00000 para top(01)
Mensaje X / 00:00:00:046 / top(01) / in_enable /      1.00000 para and(02)
Mensaje D / 00:00:00:046 / and(02) / 00:00:00:001 para top(01)
Mensaje D / 00:00:00:046 / top(01) / 00:00:00:001 para Root(00)
Mensaje * / 00:00:00:047 / Root(00) para top(01)
Mensaje * / 00:00:00:047 / top(01) para and(02)
Mensaje Y / 00:00:00:047 / and(02) / out /      0.00000 para top(01)
Mensaje D / 00:00:00:047 / and(02) / ... para top(01)
Mensaje Y / 00:00:00:047 / top(01) / out /      0.00000 para Root(00)
Mensaje D / 00:00:00:047 / top(01) / ... para Root(00)
Mensaje X / 00:00:00:050 / Root(00) / in_a /      1.00000 para top(01)
Mensaje X / 00:00:00:050 / top(01) / in_a /      1.00000 para and(02)
Mensaje D / 00:00:00:050 / and(02) / ... para top(01)
Mensaje D / 00:00:00:050 / top(01) / ... para Root(00)
Mensaje X / 00:00:00:050 / Root(00) / in_b /      1.00000 para top(01)
Mensaje X / 00:00:00:050 / top(01) / in_b /      1.00000 para and(02)
Mensaje D / 00:00:00:050 / and(02) / ... para top(01)
Mensaje D / 00:00:00:050 / top(01) / ... para Root(00)
Mensaje X / 00:00:00:050 / Root(00) / in_enable /      1.00000 para top(01)
Mensaje X / 00:00:00:050 / top(01) / in_enable /      1.00000 para and(02)
Mensaje D / 00:00:00:050 / and(02) / 00:00:00:002 para top(01)
Mensaje D / 00:00:00:050 / top(01) / 00:00:00:002 para Root(00)
Mensaje * / 00:00:00:052 / Root(00) para top(01)
Mensaje * / 00:00:00:052 / top(01) para and(02)
Mensaje Y / 00:00:00:052 / and(02) / out /      1.00000 para top(01)
Mensaje D / 00:00:00:052 / and(02) / ... para top(01)
Mensaje Y / 00:00:00:052 / top(01) / out /      1.00000 para Root(00)
Mensaje D / 00:00:00:052 / top(01) / ... para Root(00)
