Mensaje I / 00:00:00:000 / Root(00) para top(01)
Mensaje I / 00:00:00:000 / top(01) para clock(02)
Mensaje D / 00:00:00:000 / clock(02) / 00:00:00:000 para top(01)
Mensaje D / 00:00:00:000 / top(01) / 00:00:00:000 para Root(00)
Mensaje * / 00:00:00:000 / Root(00) para top(01)
Mensaje * / 00:00:00:000 / top(01) para clock(02)
Mensaje Y / 00:00:00:000 / clock(02) / out_clk /      0.00000 para top(01)
Mensaje D / 00:00:00:000 / clock(02) / 00:00:00:060 para top(01)
Mensaje Y / 00:00:00:000 / top(01) / out_clk /      0.00000 para Root(00)
Mensaje D / 00:00:00:000 / top(01) / 00:00:00:060 para Root(00)
Mensaje * / 00:00:00:060 / Root(00) para top(01)
Mensaje * / 00:00:00:060 / top(01) para clock(02)
Mensaje Y / 00:00:00:060 / clock(02) / out_clk /      1.00000 para top(01)
Mensaje D / 00:00:00:060 / clock(02) / 00:00:00:060 para top(01)
Mensaje Y / 00:00:00:060 / top(01) / out_clk /      1.00000 para Root(00)
Mensaje D / 00:00:00:060 / top(01) / 00:00:00:060 para Root(00)
Mensaje * / 00:00:00:120 / Root(00) para top(01)
Mensaje * / 00:00:00:120 / top(01) para clock(02)
Mensaje Y / 00:00:00:120 / clock(02) / out_clk /      0.00000 para top(01)
Mensaje D / 00:00:00:120 / clock(02) / 00:00:00:060 para top(01)
Mensaje Y / 00:00:00:120 / top(01) / out_clk /      0.00000 para Root(00)
Mensaje D / 00:00:00:120 / top(01) / 00:00:00:060 para Root(00)
Mensaje * / 00:00:00:180 / Root(00) para top(01)
Mensaje * / 00:00:00:180 / top(01) para clock(02)
Mensaje Y / 00:00:00:180 / clock(02) / out_clk /      1.00000 para top(01)
Mensaje D / 00:00:00:180 / clock(02) / 00:00:00:060 para top(01)
Mensaje Y / 00:00:00:180 / top(01) / out_clk /      1.00000 para Root(00)
Mensaje D / 00:00:00:180 / top(01) / 00:00:00:060 para Root(00)
Mensaje * / 00:00:00:240 / Root(00) para top(01)
Mensaje * / 00:00:00:240 / top(01) para clock(02)
Mensaje Y / 00:00:00:240 / clock(02) / out_clk /      0.00000 para top(01)
Mensaje D / 00:00:00:240 / clock(02) / 00:00:00:060 para top(01)
Mensaje Y / 00:00:00:240 / top(01) / out_clk /      0.00000 para Root(00)
Mensaje D / 00:00:00:240 / top(01) / 00:00:00:060 para Root(00)
Mensaje * / 00:00:00:300 / Root(00) para top(01)
Mensaje * / 00:00:00:300 / top(01) para clock(02)
Mensaje Y / 00:00:00:300 / clock(02) / out_clk /      1.00000 para top(01)
Mensaje D / 00:00:00:300 / clock(02) / 00:00:00:060 para top(01)
Mensaje Y / 00:00:00:300 / top(01) / out_clk /      1.00000 para Root(00)
Mensaje D / 00:00:00:300 / top(01) / 00:00:00:060 para Root(00)
Mensaje * / 00:00:00:360 / Root(00) para top(01)
Mensaje * / 00:00:00:360 / top(01) para clock(02)
Mensaje Y / 00:00:00:360 / clock(02) / out_clk /      0.00000 para top(01)
Mensaje D / 00:00:00:360 / clock(02) / 00:00:00:060 para top(01)
Mensaje Y / 00:00:00:360 / top(01) / out_clk /      0.00000 para Root(00)
Mensaje D / 00:00:00:360 / top(01) / 00:00:00:060 para Root(00)
Mensaje * / 00:00:00:420 / Root(00) para top(01)
Mensaje * / 00:00:00:420 / top(01) para clock(02)
Mensaje Y / 00:00:00:420 / clock(02) / out_clk /      1.00000 para top(01)
Mensaje D / 00:00:00:420 / clock(02) / 00:00:00:060 para top(01)
Mensaje Y / 00:00:00:420 / top(01) / out_clk /      1.00000 para Root(00)
Mensaje D / 00:00:00:420 / top(01) / 00:00:00:060 para Root(00)
