Mensaje I / 00:00:00:000 / Root(00) para top(01)
Mensaje I / 00:00:00:000 / top(01) para nor(02)
Mensaje D / 00:00:00:000 / nor(02) / ... para top(01)
Mensaje D / 00:00:00:000 / top(01) / ... para Root(00)
Mensaje X / 00:00:00:000 / Root(00) / in_a /      1.00000 para top(01)
Mensaje X / 00:00:00:000 / top(01) / in_a /      1.00000 para nor(02)
Mensaje D / 00:00:00:000 / nor(02) / 00:00:00:002 para top(01)
Mensaje D / 00:00:00:000 / top(01) / 00:00:00:002 para Root(00)
Mensaje X / 00:00:00:000 / Root(00) / in_b /      1.00000 para top(01)
Mensaje X / 00:00:00:000 / top(01) / in_b /      1.00000 para nor(02)
Mensaje D / 00:00:00:000 / nor(02) / 00:00:00:002 para top(01)
Mensaje D / 00:00:00:000 / top(01) / 00:00:00:002 para Root(00)
Mensaje * / 00:00:00:002 / Root(00) para top(01)
Mensaje * / 00:00:00:002 / top(01) para nor(02)
Mensaje Y / 00:00:00:002 / nor(02) / out /      0.00000 para top(01)
Mensaje D / 00:00:00:002 / nor(02) / ... para top(01)
Mensaje Y / 00:00:00:002 / top(01) / out /      0.00000 para Root(00)
Mensaje D / 00:00:00:002 / top(01) / ... para Root(00)
Mensaje X / 00:00:00:005 / Root(00) / in_a /      0.00000 para top(01)
Mensaje X / 00:00:00:005 / top(01) / in_a /      0.00000 para nor(02)
Mensaje D / 00:00:00:005 / nor(02) / 00:00:00:002 para top(01)
Mensaje D / 00:00:00:005 / top(01) / 00:00:00:002 para Root(00)
Mensaje X / 00:00:00:005 / Root(00) / in_b /      0.00000 para top(01)
Mensaje X / 00:00:00:005 / top(01) / in_b /      0.00000 para nor(02)
Mensaje D / 00:00:00:005 / nor(02) / 00:00:00:002 para top(01)
Mensaje D / 00:00:00:005 / top(01) / 00:00:00:002 para Root(00)
Mensaje * / 00:00:00:007 / Root(00) para top(01)
Mensaje * / 00:00:00:007 / top(01) para nor(02)
Mensaje Y / 00:00:00:007 / nor(02) / out /      1.00000 para top(01)
Mensaje D / 00:00:00:007 / nor(02) / ... para top(01)
Mensaje Y / 00:00:00:007 / top(01) / out /      1.00000 para Root(00)
Mensaje D / 00:00:00:007 / top(01) / ... para Root(00)
Mensaje X / 00:00:00:010 / Root(00) / in_a /      1.00000 para top(01)
Mensaje X / 00:00:00:010 / top(01) / in_a /      1.00000 para nor(02)
Mensaje D / 00:00:00:010 / nor(02) / 00:00:00:002 para top(01)
Mensaje D / 00:00:00:010 / top(01) / 00:00:00:002 para Root(00)
Mensaje X / 00:00:00:010 / Root(00) / in_b /      0.00000 para top(01)
Mensaje X / 00:00:00:010 / top(01) / in_b /      0.00000 para nor(02)
Mensaje D / 00:00:00:010 / nor(02) / 00:00:00:002 para top(01)
Mensaje D / 00:00:00:010 / top(01) / 00:00:00:002 para Root(00)
Mensaje * / 00:00:00:012 / Root(00) para top(01)
Mensaje * / 00:00:00:012 / top(01) para nor(02)
Mensaje Y / 00:00:00:012 / nor(02) / out /      0.00000 para top(01)
Mensaje D / 00:00:00:012 / nor(02) / ... para top(01)
Mensaje Y / 00:00:00:012 / top(01) / out /      0.00000 para Root(00)
Mensaje D / 00:00:00:012 / top(01) / ... para Root(00)
Mensaje X / 00:00:00:015 / Root(00) / in_a /      0.00000 para top(01)
Mensaje X / 00:00:00:015 / top(01) / in_a /      0.00000 para nor(02)
Mensaje D / 00:00:00:015 / nor(02) / 00:00:00:002 para top(01)
Mensaje D / 00:00:00:015 / top(01) / 00:00:00:002 para Root(00)
Mensaje X / 00:00:00:015 / Root(00) / in_b /      1.00000 para top(01)
Mensaje X / 00:00:00:015 / top(01) / in_b /      1.00000 para nor(02)
Mensaje D / 00:00:00:015 / nor(02) / 00:00:00:002 para top(01)
Mensaje D / 00:00:00:015 / top(01) / 00:00:00:002 para Root(00)
Mensaje X / 00:00:00:015 / Root(00) / in_a /      0.00000 para top(01)
Mensaje X / 00:00:00:015 / top(01) / in_a /      0.00000 para nor(02)
Mensaje D / 00:00:00:015 / nor(02) / 00:00:00:002 para top(01)
Mensaje D / 00:00:00:015 / top(01) / 00:00:00:002 para Root(00)
Mensaje X / 00:00:00:015 / Root(00) / in_b /      1.00000 para top(01)
Mensaje X / 00:00:00:015 / top(01) / in_b /      1.00000 para nor(02)
Mensaje D / 00:00:00:015 / nor(02) / 00:00:00:002 para top(01)
Mensaje D / 00:00:00:015 / top(01) / 00:00:00:002 para Root(00)
Mensaje * / 00:00:00:017 / Root(00) para top(01)
Mensaje * / 00:00:00:017 / top(01) para nor(02)
Mensaje Y / 00:00:00:017 / nor(02) / out /      0.00000 para top(01)
Mensaje D / 00:00:00:017 / nor(02) / ... para top(01)
Mensaje Y / 00:00:00:017 / top(01) / out /      0.00000 para Root(00)
Mensaje D / 00:00:00:017 / top(01) / ... para Root(00)
Mensaje X / 00:00:00:020 / Root(00) / in_a /      1.00000 para top(01)
Mensaje X / 00:00:00:020 / top(01) / in_a /      1.00000 para nor(02)
Mensaje D / 00:00:00:020 / nor(02) / 00:00:00:002 para top(01)
Mensaje D / 00:00:00:020 / top(01) / 00:00:00:002 para Root(00)
Mensaje X / 00:00:00:020 / Root(00) / in_b /      1.00000 para top(01)
Mensaje X / 00:00:00:020 / top(01) / in_b /      1.00000 para nor(02)
Mensaje D / 00:00:00:020 / nor(02) / 00:00:00:002 para top(01)
Mensaje D / 00:00:00:020 / top(01) / 00:00:00:002 para Root(00)
Mensaje X / 00:00:00:021 / Root(00) / in_a /      0.00000 para top(01)
Mensaje X / 00:00:00:021 / top(01) / in_a /      0.00000 para nor(02)
Mensaje D / 00:00:00:021 / nor(02) / 00:00:00:002 para top(01)
Mensaje D / 00:00:00:021 / top(01) / 00:00:00:002 para Root(00)
Mensaje X / 00:00:00:022 / Root(00) / in_b /      0.00000 para top(01)
Mensaje X / 00:00:00:022 / top(01) / in_b /      0.00000 para nor(02)
Mensaje D / 00:00:00:022 / nor(02) / 00:00:00:002 para top(01)
Mensaje D / 00:00:00:022 / top(01) / 00:00:00:002 para Root(00)
Mensaje * / 00:00:00:024 / Root(00) para top(01)
Mensaje * / 00:00:00:024 / top(01) para nor(02)
Mensaje Y / 00:00:00:024 / nor(02) / out /      1.00000 para top(01)
Mensaje D / 00:00:00:024 / nor(02) / ... para top(01)
Mensaje Y / 00:00:00:024 / top(01) / out /      1.00000 para Root(00)
Mensaje D / 00:00:00:024 / top(01) / ... para Root(00)
